[2026-07-20T08:23:36.438Z] [INFO] Scheduler starting. Polling every 10s.
[2026-07-20T08:23:36.452Z] [INFO] Make sure Chrome is running via launch-chrome.bat and WhatsApp Web is logged in.
[2026-07-20T08:23:37.453Z] [INFO] 3 message(s) due.
[2026-07-20T08:23:37.454Z] [INFO] Sending to "PRATIKSHA" (attempt 1/4): ☀️ Good Morning, PRATIKSHA! Have a profitable day ...
[2026-07-20T08:23:37.473Z] [INFO] Test console running at http://localhost:4545
[2026-07-20T08:23:37.476Z] [INFO] Supabase is NOT used here — this sends directly from what you type.
[2026-07-20T08:24:10.248Z] [INFO] Searching for chat using: "7044983628"...
[2026-07-20T08:24:12.330Z] [INFO] Found contact row matching search: "Sister". Clicking to open chat...
[2026-07-20T08:24:21.214Z] [WARN] Sent to "PRATIKSHA" but couldn't confirm delivery via tick icon within 5s. It likely still went through.
[2026-07-20T08:24:22.480Z] [INFO] Sent -> PRATIKSHA (delivery_status: unconfirmed)
[2026-07-20T08:24:22.481Z] [INFO] Sending to "BANJO" (attempt 1/4): ☀️ সুপ্রভাত, BANJO! আপনার আজকের দিনটি লাভজনক হোক। ...
[2026-07-20T08:24:23.919Z] [INFO] Searching for chat using: "6290763791"...
[2026-07-20T08:24:26.079Z] [INFO] Found contact row matching search: "BRO 😎😎". Clicking to open chat...
[2026-07-20T08:24:34.743Z] [WARN] Sent to "BANJO" but couldn't confirm delivery via tick icon within 5s. It likely still went through.
[2026-07-20T08:24:35.831Z] [INFO] Sent -> BANJO (delivery_status: unconfirmed)
[2026-07-20T08:24:35.832Z] [INFO] Sending to "KUNAL" (attempt 1/4): ☀️ शुभ प्रभात, KUNAL! आपका दिन लाभदायक रहे। ये हैं...
[2026-07-20T08:24:36.985Z] [INFO] Searching for chat using: "9836282432"...
[2026-07-20T08:24:39.148Z] [INFO] Found contact row matching search: "𝙺𝚄𝙽𝙰𝙻 😎". Clicking to open chat...
[2026-07-20T08:24:46.800Z] [WARN] Sent to "KUNAL" but couldn't confirm delivery via tick icon within 5s. It likely still went through.
[2026-07-20T08:24:48.036Z] [INFO] Sent -> KUNAL (delivery_status: unconfirmed)
[2026-07-20T08:25:09.049Z] [INFO] 3 message(s) due.
[2026-07-20T08:25:09.051Z] [INFO] Sending to "BANJO" (attempt 1/4): লাইভ বুলিয়ন মূল্য আপডেট: 
✨ সোনার দাম: ₹146260.0
...
[2026-07-20T08:25:10.157Z] [INFO] Searching for chat using: "6290763791"...
[2026-07-20T08:25:12.459Z] [INFO] Found contact row matching search: "BRO 😎😎". Clicking to open chat...
[2026-07-20T08:25:18.074Z] [WARN] Previous tick is still processing messages. Skipping this interval check.
[2026-07-20T08:25:20.718Z] [WARN] Sent to "BANJO" but couldn't confirm delivery via tick icon within 5s. It likely still went through.
[2026-07-20T08:25:22.183Z] [INFO] Sent -> BANJO (delivery_status: unconfirmed)
[2026-07-20T08:25:22.184Z] [INFO] Sending to "PRATIKSHA" (attempt 1/4): Live Bullion Price Update: 
✨ Gold rate: ₹146260.0...
[2026-07-20T08:25:24.162Z] [INFO] Searching for chat using: "7044983628"...
[2026-07-20T08:25:26.268Z] [INFO] Found contact row matching search: "Sister". Clicking to open chat...
[2026-07-20T08:25:28.077Z] [WARN] Previous tick is still processing messages. Skipping this interval check.
[2026-07-20T08:25:33.960Z] [WARN] Sent to "PRATIKSHA" but couldn't confirm delivery via tick icon within 5s. It likely still went through.
[2026-07-20T08:25:35.134Z] [INFO] Sent -> PRATIKSHA (delivery_status: unconfirmed)
[2026-07-20T08:25:35.135Z] [INFO] Sending to "KUNAL" (attempt 1/4): लाइव बुलियन मूल्य अपडेट: 
✨ सोने की दर: ₹146260.0
...
[2026-07-20T08:25:36.299Z] [INFO] Searching for chat using: "9836282432"...
[2026-07-20T08:25:38.081Z] [WARN] Previous tick is still processing messages. Skipping this interval check.
[2026-07-20T08:25:38.841Z] [INFO] Found contact row matching search: "𝙺𝚄𝙽𝙰𝙻 😎". Clicking to open chat...
[2026-07-20T08:25:47.556Z] [WARN] Sent to "KUNAL" but couldn't confirm delivery via tick icon within 5s. It likely still went through.
[2026-07-20T08:25:48.087Z] [WARN] Previous tick is still processing messages. Skipping this interval check.
[2026-07-20T08:25:48.998Z] [INFO] Sent -> KUNAL (delivery_status: unconfirmed)
