[2026-07-13T06:09:03.597Z] [INFO] Scheduler starting. Polling every 10s.
[2026-07-13T06:09:03.695Z] [INFO] Make sure Chrome is running via launch-chrome.bat and WhatsApp Web is logged in.
[2026-07-13T06:09:04.697Z] [INFO] Test console running at http://localhost:4545
[2026-07-13T06:09:04.700Z] [INFO] Supabase is NOT used here — this sends directly from what you type.
[2026-07-13T06:09:05.497Z] [INFO] 1 message(s) due.
[2026-07-13T06:09:05.498Z] [INFO] Sending to "𝙺𝚄𝙽𝙰𝙻 😎" (attempt 1/4): Live Bullion Price Update: 
✨ Gold rate is now ₹72...
[2026-07-13T06:09:06.049Z] [INFO] Searching for chat using: "9836282432"...
[2026-07-13T06:09:06.607Z] [INFO] Found contact row matching search: "𝙺𝚄𝙽𝙰𝙻 😎". Clicking to open chat...
[2026-07-13T06:09:24.879Z] [WARN] Sent to "𝙺𝚄𝙽𝙰𝙻 😎" but couldn't confirm delivery via tick icon within 15s. It likely still went through — WhatsApp's tick rendering can lag or the selector may need updating.
[2026-07-13T06:09:27.627Z] [INFO] Sent -> 𝙺𝚄𝙽𝙰𝙻 😎 (delivery_status: unconfirmed)
[2026-07-13T06:13:28.522Z] [INFO] 1 message(s) due.
[2026-07-13T06:13:28.523Z] [INFO] Sending to "𝙺𝚄𝙽𝙰𝙻 😎" (attempt 1/4): Live Bullion Price Update: 
✨ Gold rate is now ₹70...
[2026-07-13T06:13:28.647Z] [INFO] Searching for chat using: "9836282432"...
[2026-07-13T06:13:29.210Z] [INFO] Found contact row matching search: "𝙺𝚄𝙽𝙰𝙻 😎". Clicking to open chat...
[2026-07-13T06:13:38.716Z] [INFO] 1 message(s) due.
[2026-07-13T06:13:38.717Z] [INFO] Sending to "𝙺𝚄𝙽𝙰𝙻 😎" (attempt 1/4): Live Bullion Price Update: 
✨ Gold rate is now ₹70...
[2026-07-13T06:13:38.811Z] [INFO] Searching for chat using: "9836282432"...
[2026-07-13T06:13:39.365Z] [INFO] Found contact row matching search: "𝙺𝚄𝙽𝙰𝙻 😎". Clicking to open chat...
[2026-07-13T06:13:46.964Z] [WARN] Sent to "𝙺𝚄𝙽𝙰𝙻 😎" but couldn't confirm delivery via tick icon within 15s. It likely still went through — WhatsApp's tick rendering can lag or the selector may need updating.
[2026-07-13T06:13:48.777Z] [INFO] 1 message(s) due.
[2026-07-13T06:13:48.778Z] [INFO] Sending to "𝙺𝚄𝙽𝙰𝙻 😎" (attempt 1/4): Live Bullion Price Update: 
✨ Gold rate is now ₹70...
[2026-07-13T06:13:48.857Z] [INFO] Searching for chat using: "9836282432"...
[2026-07-13T06:13:49.376Z] [INFO] Found contact row matching search: "𝙺𝚄𝙽𝙰𝙻 😎". Clicking to open chat...
[2026-07-13T06:13:57.016Z] [WARN] Sent to "𝙺𝚄𝙽𝙰𝙻 😎" but couldn't confirm delivery via tick icon within 15s. It likely still went through — WhatsApp's tick rendering can lag or the selector may need updating.
[2026-07-13T06:13:58.875Z] [INFO] Sent -> 𝙺𝚄𝙽𝙰𝙻 😎 (delivery_status: unconfirmed)
[2026-07-13T06:14:00.507Z] [INFO] Sent -> 𝙺𝚄𝙽𝙰𝙻 😎 (delivery_status: unconfirmed)
[2026-07-13T06:14:06.985Z] [WARN] Sent to "𝙺𝚄𝙽𝙰𝙻 😎" but couldn't confirm delivery via tick icon within 15s. It likely still went through — WhatsApp's tick rendering can lag or the selector may need updating.
[2026-07-13T06:14:08.804Z] [INFO] Sent -> 𝙺𝚄𝙽𝙰𝙻 😎 (delivery_status: unconfirmed)
[2026-07-13T06:25:19.873Z] [INFO] Scheduler starting. Polling every 10s.
[2026-07-13T06:25:19.884Z] [INFO] Make sure Chrome is running via launch-chrome.bat and WhatsApp Web is logged in.
[2026-07-13T06:25:20.004Z] [INFO] Test console running at http://localhost:4545
[2026-07-13T06:25:20.008Z] [INFO] Supabase is NOT used here — this sends directly from what you type.
[2026-07-13T06:25:20.992Z] [INFO] 1 message(s) due.
[2026-07-13T06:25:20.993Z] [INFO] Sending to "𝙺𝚄𝙽𝙰𝙻 😎" (attempt 1/4): Live Bullion Price Update: 
📈 Gold increased to ₹...
[2026-07-13T06:25:30.855Z] [INFO] Searching for chat using: "9836282432"...
[2026-07-13T06:25:31.437Z] [INFO] Found contact row matching search: "𝙺𝚄𝙽𝙰𝙻 😎". Clicking to open chat...
[2026-07-13T06:25:50.804Z] [WARN] Sent to "𝙺𝚄𝙽𝙰𝙻 😎" but couldn't confirm delivery via tick icon within 15s. It likely still went through — WhatsApp's tick rendering can lag or the selector may need updating.
[2026-07-13T06:25:51.501Z] [INFO] Sent -> 𝙺𝚄𝙽𝙰𝙻 😎 (delivery_status: unconfirmed)
[2026-07-13T06:34:42.763Z] [INFO] 1 message(s) due.
[2026-07-13T06:34:42.764Z] [INFO] Sending to "𝙺𝚄𝙽𝙰𝙻 😎" (attempt 1/4): Live Bullion Price Update: 
✨ Gold rate is now ₹14...
[2026-07-13T06:34:42.923Z] [INFO] Searching for chat using: "9836282432"...
[2026-07-13T06:34:43.487Z] [INFO] Found contact row matching search: "𝙺𝚄𝙽𝙰𝙻 😎". Clicking to open chat...
[2026-07-13T06:34:53.118Z] [INFO] 1 message(s) due.
[2026-07-13T06:34:53.118Z] [INFO] Sending to "𝙺𝚄𝙽𝙰𝙻 😎" (attempt 1/4): Live Bullion Price Update: 
✨ Gold rate is now ₹14...
[2026-07-13T06:34:53.224Z] [INFO] Searching for chat using: "9836282432"...
[2026-07-13T06:34:53.777Z] [INFO] Found contact row matching search: "𝙺𝚄𝙽𝙰𝙻 😎". Clicking to open chat...
[2026-07-13T06:35:01.309Z] [WARN] Sent to "𝙺𝚄𝙽𝙰𝙻 😎" but couldn't confirm delivery via tick icon within 15s. It likely still went through — WhatsApp's tick rendering can lag or the selector may need updating.
[2026-07-13T06:35:02.268Z] [INFO] Sent -> 𝙺𝚄𝙽𝙰𝙻 😎 (delivery_status: unconfirmed)
[2026-07-13T06:35:11.581Z] [WARN] Sent to "𝙺𝚄𝙽𝙰𝙻 😎" but couldn't confirm delivery via tick icon within 15s. It likely still went through — WhatsApp's tick rendering can lag or the selector may need updating.
[2026-07-13T06:35:12.204Z] [INFO] Sent -> 𝙺𝚄𝙽𝙰𝙻 😎 (delivery_status: unconfirmed)
[2026-07-13T06:40:03.362Z] [INFO] 1 message(s) due.
[2026-07-13T06:40:03.364Z] [INFO] Sending to "𝙺𝚄𝙽𝙰𝙻 😎" (attempt 1/4): Live Bullion Price Update: 
📈 Gold increased to ₹...
[2026-07-13T06:40:03.516Z] [INFO] Searching for chat using: "9836282432"...
[2026-07-13T06:40:04.083Z] [INFO] Found contact row matching search: "𝙺𝚄𝙽𝙰𝙻 😎". Clicking to open chat...
[2026-07-13T06:40:13.397Z] [INFO] 1 message(s) due.
[2026-07-13T06:40:13.398Z] [INFO] Sending to "𝙺𝚄𝙽𝙰𝙻 😎" (attempt 1/4): Live Bullion Price Update: 
📈 Gold increased to ₹...
[2026-07-13T06:40:13.495Z] [INFO] Searching for chat using: "9836282432"...
[2026-07-13T06:40:14.034Z] [INFO] Found contact row matching search: "𝙺𝚄𝙽𝙰𝙻 😎". Clicking to open chat...
[2026-07-13T06:40:22.836Z] [WARN] Sent to "𝙺𝚄𝙽𝙰𝙻 😎" but couldn't confirm delivery via tick icon within 15s. It likely still went through — WhatsApp's tick rendering can lag or the selector may need updating.
[2026-07-13T06:40:24.021Z] [INFO] Sent -> 𝙺𝚄𝙽𝙰𝙻 😎 (delivery_status: unconfirmed)
[2026-07-13T06:40:32.806Z] [WARN] Sent to "𝙺𝚄𝙽𝙰𝙻 😎" but couldn't confirm delivery via tick icon within 15s. It likely still went through — WhatsApp's tick rendering can lag or the selector may need updating.
[2026-07-13T06:40:33.771Z] [INFO] Sent -> 𝙺𝚄𝙽𝙰𝙻 😎 (delivery_status: unconfirmed)
[2026-07-13T06:44:30.350Z] [INFO] Scheduler starting. Polling every 10s.
[2026-07-13T06:44:30.352Z] [INFO] Make sure Chrome is running via launch-chrome.bat and WhatsApp Web is logged in.
[2026-07-13T06:44:30.523Z] [INFO] Test console running at http://localhost:4545
[2026-07-13T06:44:30.525Z] [INFO] Supabase is NOT used here — this sends directly from what you type.
[2026-07-13T06:44:52.147Z] [WARN] Previous tick is still processing messages. Skipping this interval check.
[2026-07-13T06:45:03.918Z] [INFO] 1 message(s) due.
[2026-07-13T06:45:03.919Z] [INFO] Sending to "𝙺𝚄𝙽𝙰𝙻 😎" (attempt 1/4): Live Bullion Price Update: 
📈 Gold increased to ₹...
[2026-07-13T06:45:05.631Z] [INFO] Searching for chat using: "9836282432"...
[2026-07-13T06:45:06.202Z] [INFO] Found contact row matching search: "𝙺𝚄𝙽𝙰𝙻 😎". Clicking to open chat...
[2026-07-13T06:45:12.166Z] [WARN] Previous tick is still processing messages. Skipping this interval check.
[2026-07-13T06:45:22.175Z] [WARN] Previous tick is still processing messages. Skipping this interval check.
[2026-07-13T06:45:25.420Z] [WARN] Sent to "𝙺𝚄𝙽𝙰𝙻 😎" but couldn't confirm delivery via tick icon within 15s. It likely still went through — WhatsApp's tick rendering can lag or the selector may need updating.
[2026-07-13T06:45:26.657Z] [INFO] Sent -> 𝙺𝚄𝙽𝙰𝙻 😎 (delivery_status: unconfirmed)
[2026-07-13T06:47:32.304Z] [WARN] Previous tick is still processing messages. Skipping this interval check.
[2026-07-13T06:50:03.415Z] [INFO] 2 message(s) due.
[2026-07-13T06:50:03.416Z] [INFO] Sending to "PRATIKSHA" (attempt 1/4): Live Bullion Price Update: 
✨ Gold rate is now ₹14...
[2026-07-13T06:50:04.436Z] [INFO] Searching for chat using: "7044983628"...
[2026-07-13T06:50:05.025Z] [INFO] Found contact row matching search: "Sister". Clicking to open chat...
[2026-07-13T06:50:12.451Z] [WARN] Previous tick is still processing messages. Skipping this interval check.
[2026-07-13T06:50:22.462Z] [WARN] Previous tick is still processing messages. Skipping this interval check.
[2026-07-13T06:50:22.861Z] [WARN] Sent to "PRATIKSHA" but couldn't confirm delivery via tick icon within 15s. It likely still went through — WhatsApp's tick rendering can lag or the selector may need updating.
[2026-07-13T06:50:23.846Z] [INFO] Sent -> PRATIKSHA (delivery_status: unconfirmed)
[2026-07-13T06:50:23.847Z] [INFO] Sending to "BANJO" (attempt 1/4): Live Bullion Price Update: 
✨ Gold rate is now ₹14...
[2026-07-13T06:50:25.290Z] [INFO] Searching for chat using: "6290763791"...
[2026-07-13T06:50:25.926Z] [INFO] Found contact row matching search: "BRO 😎😎". Clicking to open chat...
[2026-07-13T06:50:32.471Z] [WARN] Previous tick is still processing messages. Skipping this interval check.
[2026-07-13T06:50:42.473Z] [WARN] Previous tick is still processing messages. Skipping this interval check.
[2026-07-13T06:50:43.957Z] [WARN] Sent to "BANJO" but couldn't confirm delivery via tick icon within 15s. It likely still went through — WhatsApp's tick rendering can lag or the selector may need updating.
[2026-07-13T06:50:45.651Z] [INFO] Sent -> BANJO (delivery_status: unconfirmed)
