[2026-07-18T06:03:46.019Z] [INFO] Scheduler starting. Polling every 10s.
[2026-07-18T06:03:46.029Z] [INFO] Make sure Chrome is running via launch-chrome.bat and WhatsApp Web is logged in.
[2026-07-18T06:03:47.638Z] [INFO] Test console running at http://localhost:4545
[2026-07-18T06:03:47.646Z] [INFO] Supabase is NOT used here — this sends directly from what you type.
[2026-07-18T06:03:48.289Z] [INFO] Cleaned up 6 expired pending messages from offline backlog.
[2026-07-18T06:15:10.306Z] [INFO] 3 message(s) due.
[2026-07-18T06:15:10.338Z] [INFO] Sending to "BANJO" (attempt 1/4): Live Bullion Price Update: 
✨ Gold rate: ₹145752.0...
[2026-07-18T06:15:12.384Z] [INFO] Searching for chat using: "6290763791"...
[2026-07-18T06:15:14.397Z] [INFO] Found contact row matching search: "BRO 😎😎". Clicking to open chat...
[2026-07-18T06:15:19.238Z] [WARN] Previous tick is still processing messages. Skipping this interval check.
[2026-07-18T06:15:22.581Z] [WARN] Sent to "BANJO" but couldn't confirm delivery via tick icon within 5s. It likely still went through — WhatsApp's tick rendering can lag or the selector may need updating.
[2026-07-18T06:15:23.776Z] [INFO] Sent -> BANJO (delivery_status: unconfirmed)
[2026-07-18T06:15:23.778Z] [INFO] Sending to "𝙺𝚄𝙽𝙰𝙻 😎" (attempt 1/4): Live Bullion Price Update: 
✨ Gold rate: ₹145752.0...
[2026-07-18T06:15:25.113Z] [INFO] Searching for chat using: "9836282432"...
[2026-07-18T06:15:27.142Z] [INFO] Found contact row matching search: "𝙺𝚄𝙽𝙰𝙻 😎". Clicking to open chat...
[2026-07-18T06:15:29.241Z] [WARN] Previous tick is still processing messages. Skipping this interval check.
[2026-07-18T06:15:35.252Z] [WARN] Sent to "𝙺𝚄𝙽𝙰𝙻 😎" but couldn't confirm delivery via tick icon within 5s. It likely still went through — WhatsApp's tick rendering can lag or the selector may need updating.
[2026-07-18T06:15:36.317Z] [INFO] Sent -> 𝙺𝚄𝙽𝙰𝙻 😎 (delivery_status: unconfirmed)
[2026-07-18T06:15:36.319Z] [INFO] Sending to "PRATIKSHA" (attempt 1/4): Live Bullion Price Update: 
✨ Gold rate: ₹145752.0...
[2026-07-18T06:15:37.595Z] [INFO] Searching for chat using: "7044983628"...
[2026-07-18T06:15:39.245Z] [WARN] Previous tick is still processing messages. Skipping this interval check.
[2026-07-18T06:15:39.682Z] [INFO] Found contact row matching search: "Sister". Clicking to open chat...
[2026-07-18T06:15:47.579Z] [WARN] Sent to "PRATIKSHA" but couldn't confirm delivery via tick icon within 5s. It likely still went through — WhatsApp's tick rendering can lag or the selector may need updating.
[2026-07-18T06:15:48.638Z] [INFO] Sent -> PRATIKSHA (delivery_status: unconfirmed)
