[2026-07-17T15:34:04.699Z] [INFO] Scheduler starting. Polling every 10s.
[2026-07-17T15:34:04.709Z] [INFO] Make sure Chrome is running via launch-chrome.bat and WhatsApp Web is logged in.
[2026-07-17T15:34:05.301Z] [INFO] Test console running at http://localhost:4545
[2026-07-17T15:34:05.304Z] [INFO] Supabase is NOT used here — this sends directly from what you type.
[2026-07-17T15:34:05.746Z] [INFO] 33 message(s) due.
[2026-07-17T15:34:05.747Z] [INFO] Sending to "BANJO" (attempt 1/4): Live Bullion Price Update: 
✨ Gold rate: ₹144960.0...
[2026-07-17T15:34:14.890Z] [INFO] Searching for chat using: "6290763791"...
[2026-07-17T15:34:16.895Z] [INFO] Found contact row matching search: "BRO 😎😎". Clicking to open chat...
[2026-07-17T15:34:25.636Z] [WARN] Sent to "BANJO" but couldn't confirm delivery via tick icon within 5s. It likely still went through — WhatsApp's tick rendering can lag or the selector may need updating.
[2026-07-17T15:34:26.759Z] [INFO] Sent -> BANJO (delivery_status: unconfirmed)
[2026-07-17T15:34:26.760Z] [INFO] Sending to "𝙺𝚄𝙽𝙰𝙻 😎" (attempt 1/4): Live Bullion Price Update: 
✨ Gold rate: ₹144960.0...
[2026-07-17T15:34:27.867Z] [INFO] Searching for chat using: "9836282432"...
[2026-07-17T15:34:29.914Z] [INFO] Found contact row matching search: "𝙺𝚄𝙽𝙰𝙻 😎". Clicking to open chat...
[2026-07-17T15:34:37.713Z] [WARN] Sent to "𝙺𝚄𝙽𝙰𝙻 😎" but couldn't confirm delivery via tick icon within 5s. It likely still went through — WhatsApp's tick rendering can lag or the selector may need updating.
[2026-07-17T15:34:38.672Z] [INFO] Sent -> 𝙺𝚄𝙽𝙰𝙻 😎 (delivery_status: unconfirmed)
[2026-07-17T15:34:38.673Z] [INFO] Sending to "PRATIKSHA" (attempt 1/4): Live Bullion Price Update: 
✨ Gold rate: ₹144960.0...
[2026-07-17T15:34:39.860Z] [INFO] Searching for chat using: "7044983628"...
[2026-07-17T15:34:41.895Z] [INFO] Found contact row matching search: "Sister". Clicking to open chat...
[2026-07-17T15:34:49.655Z] [WARN] Sent to "PRATIKSHA" but couldn't confirm delivery via tick icon within 5s. It likely still went through — WhatsApp's tick rendering can lag or the selector may need updating.
[2026-07-17T15:34:50.767Z] [INFO] Sent -> PRATIKSHA (delivery_status: unconfirmed)
[2026-07-17T15:34:50.768Z] [INFO] Sending to "BANJO" (attempt 1/4): 🌙 Good Night, BANJO! Thank you for trading with u...
[2026-07-17T15:34:53.151Z] [INFO] Searching for chat using: "6290763791"...
[2026-07-17T15:34:55.196Z] [INFO] Found contact row matching search: "BRO 😎😎". Clicking to open chat...
[2026-07-17T15:35:02.095Z] [WARN] Sent to "BANJO" but couldn't confirm delivery via tick icon within 5s. It likely still went through — WhatsApp's tick rendering can lag or the selector may need updating.
[2026-07-17T15:35:03.177Z] [INFO] Sent -> BANJO (delivery_status: unconfirmed)
[2026-07-17T15:35:03.177Z] [INFO] Sending to "𝙺𝚄𝙽𝙰𝙻 😎" (attempt 1/4): 🌙 Good Night, 𝙺𝚄𝙽𝙰𝙻 😎! Thank you for tradin...
[2026-07-17T15:35:04.343Z] [INFO] Searching for chat using: "9836282432"...
[2026-07-17T15:35:06.385Z] [INFO] Found contact row matching search: "𝙺𝚄𝙽𝙰𝙻 😎". Clicking to open chat...
[2026-07-17T15:35:13.432Z] [WARN] Sent to "𝙺𝚄𝙽𝙰𝙻 😎" but couldn't confirm delivery via tick icon within 5s. It likely still went through — WhatsApp's tick rendering can lag or the selector may need updating.
[2026-07-17T15:35:14.581Z] [INFO] Sent -> 𝙺𝚄𝙽𝙰𝙻 😎 (delivery_status: unconfirmed)
[2026-07-17T15:35:14.583Z] [INFO] Sending to "PRATIKSHA" (attempt 1/4): 🌙 Good Night, PRATIKSHA! Thank you for trading wi...
[2026-07-17T15:35:15.853Z] [INFO] Searching for chat using: "7044983628"...
[2026-07-17T15:35:17.898Z] [INFO] Found contact row matching search: "Sister". Clicking to open chat...
[2026-07-17T15:35:24.967Z] [WARN] Sent to "PRATIKSHA" but couldn't confirm delivery via tick icon within 5s. It likely still went through — WhatsApp's tick rendering can lag or the selector may need updating.
[2026-07-17T15:35:26.331Z] [INFO] Sent -> PRATIKSHA (delivery_status: unconfirmed)
[2026-07-17T15:35:26.332Z] [INFO] Sending to "BANJO" (attempt 1/4): ☀️ Good Morning, BANJO! Have a profitable day ahea...
[2026-07-17T15:35:27.539Z] [INFO] Searching for chat using: "6290763791"...
[2026-07-17T15:35:29.601Z] [INFO] Found contact row matching search: "BRO 😎😎". Clicking to open chat...
[2026-07-17T15:35:37.619Z] [WARN] Sent to "BANJO" but couldn't confirm delivery via tick icon within 5s. It likely still went through — WhatsApp's tick rendering can lag or the selector may need updating.
[2026-07-17T15:35:38.736Z] [INFO] Sent -> BANJO (delivery_status: unconfirmed)
[2026-07-17T15:35:38.737Z] [INFO] Sending to "𝙺𝚄𝙽𝙰𝙻 😎" (attempt 1/4): ☀️ Good Morning, 𝙺𝚄𝙽𝙰𝙻 😎! Have a profitable ...
[2026-07-17T15:35:45.292Z] [INFO] Searching for chat using: "9836282432"...
[2026-07-17T15:35:47.363Z] [INFO] Found contact row matching search: "𝙺𝚄𝙽𝙰𝙻 😎". Clicking to open chat...
[2026-07-17T15:35:55.330Z] [WARN] Sent to "𝙺𝚄𝙽𝙰𝙻 😎" but couldn't confirm delivery via tick icon within 5s. It likely still went through — WhatsApp's tick rendering can lag or the selector may need updating.
[2026-07-17T15:35:56.357Z] [INFO] Sent -> 𝙺𝚄𝙽𝙰𝙻 😎 (delivery_status: unconfirmed)
[2026-07-17T15:35:56.358Z] [INFO] Sending to "PRATIKSHA" (attempt 1/4): ☀️ Good Morning, PRATIKSHA! Have a profitable day ...
[2026-07-17T15:35:57.511Z] [INFO] Searching for chat using: "7044983628"...
[2026-07-17T15:35:59.561Z] [INFO] Found contact row matching search: "Sister". Clicking to open chat...
[2026-07-17T15:36:07.581Z] [WARN] Sent to "PRATIKSHA" but couldn't confirm delivery via tick icon within 5s. It likely still went through — WhatsApp's tick rendering can lag or the selector may need updating.
[2026-07-17T15:36:08.602Z] [INFO] Sent -> PRATIKSHA (delivery_status: unconfirmed)
[2026-07-17T15:36:08.602Z] [INFO] Sending to "BANJO" (attempt 1/4): 🌙 Good Night, BANJO! Thank you for trading with u...
[2026-07-17T15:36:09.709Z] [INFO] Searching for chat using: "6290763791"...
[2026-07-17T15:36:11.741Z] [INFO] Found contact row matching search: "BRO 😎😎". Clicking to open chat...
[2026-07-17T15:36:18.710Z] [WARN] Sent to "BANJO" but couldn't confirm delivery via tick icon within 5s. It likely still went through — WhatsApp's tick rendering can lag or the selector may need updating.
[2026-07-17T15:36:19.742Z] [INFO] Sent -> BANJO (delivery_status: unconfirmed)
[2026-07-17T15:36:19.742Z] [INFO] Sending to "𝙺𝚄𝙽𝙰𝙻 😎" (attempt 1/4): 🌙 Good Night, 𝙺𝚄𝙽𝙰𝙻 😎! Thank you for tradin...
[2026-07-17T15:36:20.842Z] [INFO] Searching for chat using: "9836282432"...
[2026-07-17T15:36:22.881Z] [INFO] Found contact row matching search: "𝙺𝚄𝙽𝙰𝙻 😎". Clicking to open chat...
[2026-07-17T15:36:29.943Z] [WARN] Sent to "𝙺𝚄𝙽𝙰𝙻 😎" but couldn't confirm delivery via tick icon within 5s. It likely still went through — WhatsApp's tick rendering can lag or the selector may need updating.
[2026-07-17T15:36:31.125Z] [INFO] Sent -> 𝙺𝚄𝙽𝙰𝙻 😎 (delivery_status: unconfirmed)
[2026-07-17T15:36:31.127Z] [INFO] Sending to "PRATIKSHA" (attempt 1/4): 🌙 Good Night, PRATIKSHA! Thank you for trading wi...
[2026-07-17T15:36:32.250Z] [INFO] Searching for chat using: "7044983628"...
[2026-07-17T15:36:34.291Z] [INFO] Found contact row matching search: "Sister". Clicking to open chat...
[2026-07-17T15:36:41.271Z] [WARN] Sent to "PRATIKSHA" but couldn't confirm delivery via tick icon within 5s. It likely still went through — WhatsApp's tick rendering can lag or the selector may need updating.
[2026-07-17T15:36:42.673Z] [INFO] Sent -> PRATIKSHA (delivery_status: unconfirmed)
[2026-07-17T15:36:42.674Z] [INFO] Sending to "BANJO" (attempt 1/4): ☀️ Good Morning, BANJO! Have a profitable day ahea...
[2026-07-17T15:36:44.448Z] [INFO] Searching for chat using: "6290763791"...
[2026-07-17T15:36:46.492Z] [INFO] Found contact row matching search: "BRO 😎😎". Clicking to open chat...
[2026-07-17T15:36:54.374Z] [WARN] Sent to "BANJO" but couldn't confirm delivery via tick icon within 5s. It likely still went through — WhatsApp's tick rendering can lag or the selector may need updating.
[2026-07-17T15:36:55.614Z] [INFO] Sent -> BANJO (delivery_status: unconfirmed)
[2026-07-17T15:36:55.614Z] [INFO] Sending to "𝙺𝚄𝙽𝙰𝙻 😎" (attempt 1/4): ☀️ Good Morning, 𝙺𝚄𝙽𝙰𝙻 😎! Have a profitable ...
[2026-07-17T15:36:56.744Z] [INFO] Searching for chat using: "9836282432"...
[2026-07-17T15:36:58.731Z] [INFO] Found contact row matching search: "𝙺𝚄𝙽𝙰𝙻 😎". Clicking to open chat...
[2026-07-17T15:37:06.875Z] [WARN] Sent to "𝙺𝚄𝙽𝙰𝙻 😎" but couldn't confirm delivery via tick icon within 5s. It likely still went through — WhatsApp's tick rendering can lag or the selector may need updating.
[2026-07-17T15:37:08.137Z] [INFO] Sent -> 𝙺𝚄𝙽𝙰𝙻 😎 (delivery_status: unconfirmed)
[2026-07-17T15:37:08.138Z] [INFO] Sending to "PRATIKSHA" (attempt 1/4): ☀️ Good Morning, PRATIKSHA! Have a profitable day ...
[2026-07-17T15:37:09.412Z] [INFO] Searching for chat using: "7044983628"...
[2026-07-17T15:37:11.453Z] [INFO] Found contact row matching search: "Sister". Clicking to open chat...
[2026-07-17T15:37:19.540Z] [WARN] Sent to "PRATIKSHA" but couldn't confirm delivery via tick icon within 5s. It likely still went through — WhatsApp's tick rendering can lag or the selector may need updating.
[2026-07-17T15:37:20.822Z] [INFO] Sent -> PRATIKSHA (delivery_status: unconfirmed)
[2026-07-17T15:37:20.823Z] [INFO] Sending to "BANJO" (attempt 1/4): 🌙 Good Night, BANJO! Thank you for trading with u...
[2026-07-17T15:37:21.931Z] [INFO] Searching for chat using: "6290763791"...
[2026-07-17T15:37:24.010Z] [INFO] Found contact row matching search: "BRO 😎😎". Clicking to open chat...
